[codecarbon INFO @ 18:36:26] Energy consumed for RAM : 0.000447 kWh. RAM Power : 4.7530388832092285 W
[codecarbon INFO @ 18:36:26] Energy consumed for all GPUs : 0.002635 kWh. Total GPU Power : 29.11708776660694 W
[codecarbon INFO @ 18:36:26] Energy consumed for all CPUs : 0.003996 kWh. Total CPU Power : 42.5 W
[codecarbon INFO @ 18:36:26] 0.007078 kWh of electricity used since the beginning.
/usr/local/lib/python3.10/dist-packages/codecarbon/output_methods/file.py:52: FutureWarning: The behavior of DataFrame concatenation with empty or all-NA entries is deprecated. In a future version, this will no longer exclude empty or all-NA columns when determining the result dtypes. To retain the old behavior, exclude the relevant entries before the concat operation.
  df = pd.concat([df, pd.DataFrame.from_records([dict(total.values)])])
CarbonTracker: WARNING - ElectricityMaps API key not set. Will default to average carbon intensity.
CarbonTracker: WARNING - Failed to retrieve carbon intensity: Defaulting to average carbon intensity 481 gCO2/kWh.
CarbonTracker: Live carbon intensity could not be fetched at detected location: Taipei, Taiwan, TW. Defaulted to average carbon intensity for world in 2019 of 481.00 gCO2/kWh. at detected location: Taipei, Taiwan, TW.
CarbonTracker: 
Predicted consumption for 1 epoch(s):
	Time:	0:05:39
	Energy:	0.004168967220 kWh
	CO2eq:	2.005273233004 g
	This is equivalent to:
	0.018653704493 km travelled by car
CarbonTracker: WARNING - ElectricityMaps API key not set. Will default to average carbon intensity.
CarbonTracker: WARNING - Failed to retrieve carbon intensity: Defaulting to average carbon intensity 481 gCO2/kWh.
CarbonTracker: Average carbon intensity during training was 481.00 gCO2/kWh at detected location: Taipei, Taiwan, TW.
CarbonTracker: 
Actual consumption for 1 epoch(s):
	Time:	0:05:39
	Energy:	0.004168967220 kWh
	CO2eq:	2.005273233004 g
	This is equivalent to:
	0.018653704493 km travelled by car
CarbonTracker: Finished monitoring.